2016-01-29 15:54:34 INFO  Main:9 - Message.
2016-01-29 15:56:10 INFO  Main:9 - Message.
2016-01-29 15:58:29 DEBUG Main:9 - Message.
2016-01-29 15:58:29 INFO  Main:10 - Message.
2016-01-29 15:58:29 ERROR Main:11 - Message.
2016-01-29 15:58:48 DEBUG Main:9 - Message.
2016-01-29 15:58:48 INFO  Main:10 - Message.
2016-01-29 15:58:48 ERROR Main:11 - Message.
2016-01-29 15:59:23 DEBUG Main:9 - Message.
2016-01-29 15:59:23 INFO  Main:10 - Message.
2016-01-29 15:59:23 ERROR Main:11 - Message.
2016-01-29 15:59:23 INFO  Main:15 - Message: 0
2016-01-29 15:59:23 INFO  Main:15 - Message: 1
2016-01-29 15:59:23 INFO  Main:15 - Message: 2
Tohle cislo urcuje radek v kodu^^
2016-01-29 16:01:15 DEBUG Main:9 - Message.
2016-01-29 16:01:15 INFO  Main:10 - Message.
2016-01-29 16:01:15 ERROR Main:11 - Message.
2016-01-29 16:01:15 INFO  Main:15 - Message: 0
2016-01-29 16:01:15 INFO  Main:15 - Message: 1
2016-01-29 16:01:15 INFO  Main:15 - Message: 2
2016-01-29 16:01:25 DEBUG Main:9 - Message.
2016-01-29 16:01:25 INFO  Main:10 - Message.
2016-01-29 16:01:25 ERROR Main:11 - Message.
2016-01-29 16:01:25 INFO  Main:15 - Message: 0
2016-01-29 16:01:25 INFO  Main:15 - Message: 1
2016-01-29 16:01:25 INFO  Main:15 - Message: 2
2016-01-29 16:04:51 DEBUG Main:9 - Message.
2016-01-29 16:04:51 INFO  Main:10 - Message.
2016-01-29 16:04:51 ERROR Main:11 - Message.
2016-01-29 16:04:51 INFO  Main:15 - Message: 0
2016-01-29 16:04:51 INFO  Main:15 - Message: 1
2016-01-29 16:04:51 INFO  Main:15 - Message: 2
2016-01-29 16:05:05 DEBUG Main:9 - Message.
2016-01-29 16:05:05 INFO  Main:10 - Message.
2016-01-29 16:05:05 ERROR Main:11 - Message.
2016-01-29 16:05:05 INFO  Main:15 - Message: 0
2016-01-29 16:05:05 INFO  Main:15 - Message: 1
2016-01-29 16:05:05 INFO  Main:15 - Message: 2
2016-01-29 16:05:21 DEBUG Main:9 - Message.
2016-01-29 16:05:21 INFO  Main:10 - Message.
2016-01-29 16:05:21 ERROR Main:11 - Message.
2016-01-29 16:05:21 INFO  Main:15 - Message: 0
2016-01-29 16:05:21 INFO  Main:15 - Message: 1
2016-01-29 16:05:21 INFO  Main:15 - Message: 2
2016-01-29 16:05:45 DEBUG Main:9    - Message.
2016-01-29 16:05:45 INFO  Main:10   - Message.
2016-01-29 16:05:45 ERROR Main:11   - Message.
2016-01-29 16:05:45 INFO  Main:15   - Message: 0
2016-01-29 16:05:45 INFO  Main:15   - Message: 1
2016-01-29 16:05:45 INFO  Main:15   - Message: 2
